Flow report for ACDC-1v1
Fri Oct 08 11:48:28 2021
Quartus Prime Version 18.1.0 Build 625 09/12/2018 SJ Standard Edition


---------------------
; Table of Contents ;
---------------------
  1. Legal Notice
  2. Flow Summary
  3. Flow Settings
  4. Flow Non-Default Global Settings
  5. Flow Elapsed Time
  6. Flow OS Summary
  7. Flow Log
  8. Flow Messages
  9. Flow Suppressed Messages



----------------
; Legal Notice ;
----------------
Copyright (C) 2018  Intel Corporation. All rights reserved.
Your use of Intel Corporation's design tools, logic functions 
and other software and tools, and its AMPP partner logic 
functions, and any output files from any of the foregoing 
(including device programming or simulation files), and any 
associated documentation or information are expressly subject 
to the terms and conditions of the Intel Program License 
Subscription Agreement, the Intel Quartus Prime License Agreement,
the Intel FPGA IP License Agreement, or other applicable license
agreement, including, without limitation, that your use is for
the sole purpose of programming logic devices manufactured by
Intel and sold by Intel or its authorized distributors.  Please
refer to the applicable agreement for further details.



+--------------------------------------------------------------------------------------+
; Flow Summary                                                                         ;
+------------------------------------+-------------------------------------------------+
; Flow Status                        ; Successful - Fri Oct 08 11:48:28 2021           ;
; Quartus Prime Version              ; 18.1.0 Build 625 09/12/2018 SJ Standard Edition ;
; Revision Name                      ; ACDC-1v1                                        ;
; Top-level Entity Name              ; ACDC_main                                       ;
; Family                             ; Cyclone IV GX                                   ;
; Device                             ; EP4CGX110DF27C7                                 ;
; Timing Models                      ; Final                                           ;
; Total logic elements               ; 10,158 / 109,424 ( 9 % )                        ;
;     Total combinational functions  ; 8,012 / 109,424 ( 7 % )                         ;
;     Dedicated logic registers      ; 6,378 / 109,424 ( 6 % )                         ;
; Total registers                    ; 6378                                            ;
; Total pins                         ; 281 / 426 ( 66 % )                              ;
; Total virtual pins                 ; 0                                               ;
; Total memory bits                  ; 1,554,432 / 5,621,760 ( 28 % )                  ;
; Embedded Multiplier 9-bit elements ; 0 / 560 ( 0 % )                                 ;
; Total GXB Receiver Channel PCS     ; 0 / 8 ( 0 % )                                   ;
; Total GXB Receiver Channel PMA     ; 0 / 8 ( 0 % )                                   ;
; Total GXB Transmitter Channel PCS  ; 0 / 8 ( 0 % )                                   ;
; Total GXB Transmitter Channel PMA  ; 0 / 8 ( 0 % )                                   ;
; Total PLLs                         ; 1 / 8 ( 13 % )                                  ;
+------------------------------------+-------------------------------------------------+


+-----------------------------------------+
; Flow Settings                           ;
+-------------------+---------------------+
; Option            ; Setting             ;
+-------------------+---------------------+
; Start date & time ; 07/01/2021 10:09:01 ;
; Main task         ; Compilation         ;
; Revision Name     ; ACDC-1v1            ;
+-------------------+---------------------+


+-------------------------------------------------------------------------------------------------------------------------------------------------------------------------------------------------------------------------------------------------------------------------------------------------------------------------------------------------------------------------------------------------------------------------------------------------------------------------------------------------------------------------------+
; Flow Non-Default Global Settings                                                                                                                                                                                                                                                                                                                                                                                                                                                                                              ;
+-----------------------------------------+-------------------------------------------------------------------------------------------------------------------------------------------------------------------------------------------------------------------------------------------------------------------------------------------------------------------------------------------------------------------------------------------------------------------+---------------+-------------+-----------------------------------+
; Assignment Name                         ; Value                                                                                                                                                                                                                                                                                                                                                                                                             ; Default Value ; Entity Name ; Section Id                        ;
+-----------------------------------------+-------------------------------------------------------------------------------------------------------------------------------------------------------------------------------------------------------------------------------------------------------------------------------------------------------------------------------------------------------------------------------------------------------------------+---------------+-------------+-----------------------------------+
; COMPILER_SIGNATURE_ID                   ; 251053327671555.162513054007960                                                                                                                                                                                                                                                                                                                                                                                   ; --            ; --          ; --                                ;
; EDA_BOARD_DESIGN_SIGNAL_INTEGRITY_TOOL  ; IBIS (Signal Integrity)                                                                                                                                                                                                                                                                                                                                                                                           ; <None>        ; --          ; --                                ;
; EDA_NETLIST_WRITER_OUTPUT_DIR           ; FPGA                                                                                                                                                                                                                                                                                                                                                                                                              ; --            ; --          ; eda_board_design_symbol           ;
; EDA_OUTPUT_DATA_FORMAT                  ; Ibis                                                                                                                                                                                                                                                                                                                                                                                                              ; --            ; --          ; eda_board_design_signal_integrity ;
; ENABLE_SIGNALTAP                        ; On                                                                                                                                                                                                                                                                                                                                                                                                                ; --            ; --          ; --                                ;
; FITTER_EFFORT                           ; Standard Fit                                                                                                                                                                                                                                                                                                                                                                                                      ; Auto Fit      ; --          ; --                                ;
; FLOW_ENABLE_IO_ASSIGNMENT_ANALYSIS      ; On                                                                                                                                                                                                                                                                                                                                                                                                                ; Off           ; --          ; --                                ;
; IOBANK_VCCIO                            ; 3.3V                                                                                                                                                                                                                                                                                                                                                                                                              ; --            ; --          ; 8                                 ;
; MAX_CORE_JUNCTION_TEMP                  ; 85                                                                                                                                                                                                                                                                                                                                                                                                                ; --            ; --          ; --                                ;
; MIN_CORE_JUNCTION_TEMP                  ; 0                                                                                                                                                                                                                                                                                                                                                                                                                 ; --            ; --          ; --                                ;
; MISC_FILE                               ; src/QIPcomponents/pll.cmp                                                                                                                                                                                                                                                                                                                                                                                         ; --            ; --          ; --                                ;
; MISC_FILE                               ; src/QIPcomponents/pll.ppf                                                                                                                                                                                                                                                                                                                                                                                         ; --            ; --          ; --                                ;
; MISC_FILE                               ; src/QIPcomponents/dataRam.cmp                                                                                                                                                                                                                                                                                                                                                                                     ; --            ; --          ; --                                ;
; NUM_PARALLEL_PROCESSORS                 ; All                                                                                                                                                                                                                                                                                                                                                                                                               ; --            ; --          ; --                                ;
; OPTIMIZATION_MODE                       ; High Performance Effort                                                                                                                                                                                                                                                                                                                                                                                           ; Balanced      ; --          ; --                                ;
; OUTPUT_IO_TIMING_FAR_END_VMEAS          ; Half Signal Swing                                                                                                                                                                                                                                                                                                                                                                                                 ; --            ; --          ; --                                ;
; OUTPUT_IO_TIMING_FAR_END_VMEAS          ; Half Signal Swing                                                                                                                                                                                                                                                                                                                                                                                                 ; --            ; --          ; --                                ;
; OUTPUT_IO_TIMING_NEAR_END_VMEAS         ; Half Vccio                                                                                                                                                                                                                                                                                                                                                                                                        ; --            ; --          ; --                                ;
; OUTPUT_IO_TIMING_NEAR_END_VMEAS         ; Half Vccio                                                                                                                                                                                                                                                                                                                                                                                                        ; --            ; --          ; --                                ;
; PARTITION_COLOR                         ; -- (Not supported for targeted family)                                                                                                                                                                                                                                                                                                                                                                            ; --            ; ACDC_main   ; systemTime_driver:SYS_TIME_GEN    ;
; PARTITION_COLOR                         ; -- (Not supported for targeted family)                                                                                                                                                                                                                                                                                                                                                                            ; --            ; ACDC_main   ; Top                               ;
; PARTITION_FITTER_PRESERVATION_LEVEL     ; -- (Not supported for targeted family)                                                                                                                                                                                                                                                                                                                                                                            ; --            ; ACDC_main   ; systemTime_driver:SYS_TIME_GEN    ;
; PARTITION_FITTER_PRESERVATION_LEVEL     ; -- (Not supported for targeted family)                                                                                                                                                                                                                                                                                                                                                                            ; --            ; ACDC_main   ; Top                               ;
; PARTITION_NETLIST_TYPE                  ; -- (Not supported for targeted family)                                                                                                                                                                                                                                                                                                                                                                            ; --            ; ACDC_main   ; systemTime_driver:SYS_TIME_GEN    ;
; PARTITION_NETLIST_TYPE                  ; -- (Not supported for targeted family)                                                                                                                                                                                                                                                                                                                                                                            ; --            ; ACDC_main   ; Top                               ;
; PHYSICAL_SYNTHESIS_COMBO_LOGIC          ; On                                                                                                                                                                                                                                                                                                                                                                                                                ; Off           ; --          ; --                                ;
; PHYSICAL_SYNTHESIS_REGISTER_DUPLICATION ; On                                                                                                                                                                                                                                                                                                                                                                                                                ; Off           ; --          ; --                                ;
; PHYSICAL_SYNTHESIS_REGISTER_RETIMING    ; On                                                                                                                                                                                                                                                                                                                                                                                                                ; Off           ; --          ; --                                ;
; PLACEMENT_EFFORT_MULTIPLIER             ; 7                                                                                                                                                                                                                                                                                                                                                                                                                 ; 1.0           ; --          ; --                                ;
; POWER_BOARD_THERMAL_MODEL               ; None (CONSERVATIVE)                                                                                                                                                                                                                                                                                                                                                                                               ; --            ; --          ; --                                ;
; POWER_DEFAULT_INPUT_IO_TOGGLE_RATE      ; 75%                                                                                                                                                                                                                                                                                                                                                                                                               ; 12.5%         ; --          ; --                                ;
; POWER_DEFAULT_TOGGLE_RATE               ; 75%                                                                                                                                                                                                                                                                                                                                                                                                               ; 12.5%         ; --          ; --                                ;
; POWER_PRESET_COOLING_SOLUTION           ; 23 MM HEAT SINK WITH 200 LFPM AIRFLOW                                                                                                                                                                                                                                                                                                                                                                             ; --            ; --          ; --                                ;
; POWER_USE_PVA                           ; Off                                                                                                                                                                                                                                                                                                                                                                                                               ; On            ; --          ; --                                ;
; ROUTER_EFFORT_MULTIPLIER                ; 7                                                                                                                                                                                                                                                                                                                                                                                                                 ; 1.0           ; --          ; --                                ;
; ROUTER_TIMING_OPTIMIZATION_LEVEL        ; MAXIMUM                                                                                                                                                                                                                                                                                                                                                                                                           ; Normal        ; --          ; --                                ;
; SEARCH_PATH                             ; e:\psec4\acdc\firmware\acdc-firmware\source\rxtx                                                                                                                                                                                                                                                                                                                                                                  ; --            ; --          ; --                                ;
; SEARCH_PATH                             ; source/lvds                                                                                                                                                                                                                                                                                                                                                                                                       ; --            ; --          ; --                                ;
; SEARCH_PATH                             ; source/                                                                                                                                                                                                                                                                                                                                                                                                           ; --            ; --          ; --                                ;
; SEARCH_PATH                             ; source/ac_control/                                                                                                                                                                                                                                                                                                                                                                                                ; --            ; --          ; --                                ;
; SEARCH_PATH                             ; source/clk/                                                                                                                                                                                                                                                                                                                                                                                                       ; --            ; --          ; --                                ;
; SEARCH_PATH                             ; source/usb/                                                                                                                                                                                                                                                                                                                                                                                                       ; --            ; --          ; --                                ;
; SEARCH_PATH                             ; mega/                                                                                                                                                                                                                                                                                                                                                                                                             ; --            ; --          ; --                                ;
; SEARCH_PATH                             ; source/lvds/                                                                                                                                                                                                                                                                                                                                                                                                      ; --            ; --          ; --                                ;
; SEARCH_PATH                             ; digital_card/source/                                                                                                                                                                                                                                                                                                                                                                                              ; --            ; --          ; --                                ;
; SEED                                    ; 2                                                                                                                                                                                                                                                                                                                                                                                                                 ; 1             ; --          ; --                                ;
; SLD_FILE                                ; db/tap_self_trig_auto_stripped.stp                                                                                                                                                                                                                                                                                                                                                                                ; --            ; --          ; --                                ;
; SLD_NODE_CREATOR_ID                     ; 110                                                                                                                                                                                                                                                                                                                                                                                                               ; --            ; --          ; lvds                              ;
; SLD_NODE_ENTITY_NAME                    ; sld_signaltap                                                                                                                                                                                                                                                                                                                                                                                                     ; --            ; --          ; lvds                              ;
; SLD_NODE_PARAMETER_ASSIGNMENT           ; SLD_RAM_BLOCK_TYPE=AUTO                                                                                                                                                                                                                                                                                                                                                                                           ; --            ; --          ; lvds                              ;
; SLD_NODE_PARAMETER_ASSIGNMENT           ; SLD_NODE_INFO=805334529                                                                                                                                                                                                                                                                                                                                                                                           ; --            ; --          ; lvds                              ;
; SLD_NODE_PARAMETER_ASSIGNMENT           ; SLD_POWER_UP_TRIGGER=0                                                                                                                                                                                                                                                                                                                                                                                            ; --            ; --          ; lvds                              ;
; SLD_NODE_PARAMETER_ASSIGNMENT           ; SLD_STORAGE_QUALIFIER_INVERSION_MASK_LENGTH=0                                                                                                                                                                                                                                                                                                                                                                     ; --            ; --          ; lvds                              ;
; SLD_NODE_PARAMETER_ASSIGNMENT           ; SLD_ATTRIBUTE_MEM_MODE=OFF                                                                                                                                                                                                                                                                                                                                                                                        ; --            ; --          ; lvds                              ;
; SLD_NODE_PARAMETER_ASSIGNMENT           ; SLD_STATE_FLOW_USE_GENERATED=0                                                                                                                                                                                                                                                                                                                                                                                    ; --            ; --          ; lvds                              ;
; SLD_NODE_PARAMETER_ASSIGNMENT           ; SLD_STATE_BITS=11                                                                                                                                                                                                                                                                                                                                                                                                 ; --            ; --          ; lvds                              ;
; SLD_NODE_PARAMETER_ASSIGNMENT           ; SLD_BUFFER_FULL_STOP=1                                                                                                                                                                                                                                                                                                                                                                                            ; --            ; --          ; lvds                              ;
; SLD_NODE_PARAMETER_ASSIGNMENT           ; SLD_CURRENT_RESOURCE_WIDTH=1                                                                                                                                                                                                                                                                                                                                                                                      ; --            ; --          ; lvds                              ;
; SLD_NODE_PARAMETER_ASSIGNMENT           ; SLD_INCREMENTAL_ROUTING=1                                                                                                                                                                                                                                                                                                                                                                                         ; --            ; --          ; lvds                              ;
; SLD_NODE_PARAMETER_ASSIGNMENT           ; SLD_TRIGGER_LEVEL=1                                                                                                                                                                                                                                                                                                                                                                                               ; --            ; --          ; lvds                              ;
; SLD_NODE_PARAMETER_ASSIGNMENT           ; SLD_TRIGGER_IN_ENABLED=0                                                                                                                                                                                                                                                                                                                                                                                          ; --            ; --          ; lvds                              ;
; SLD_NODE_PARAMETER_ASSIGNMENT           ; SLD_TRIGGER_PIPELINE=0                                                                                                                                                                                                                                                                                                                                                                                            ; --            ; --          ; lvds                              ;
; SLD_NODE_PARAMETER_ASSIGNMENT           ; SLD_RAM_PIPELINE=0                                                                                                                                                                                                                                                                                                                                                                                                ; --            ; --          ; lvds                              ;
; SLD_NODE_PARAMETER_ASSIGNMENT           ; SLD_COUNTER_PIPELINE=0                                                                                                                                                                                                                                                                                                                                                                                            ; --            ; --          ; lvds                              ;
; SLD_NODE_PARAMETER_ASSIGNMENT           ; SLD_ADVANCED_TRIGGER_ENTITY=basic,1,                                                                                                                                                                                                                                                                                                                                                                              ; --            ; --          ; lvds                              ;
; SLD_NODE_PARAMETER_ASSIGNMENT           ; SLD_TRIGGER_LEVEL_PIPELINE=1                                                                                                                                                                                                                                                                                                                                                                                      ; --            ; --          ; lvds                              ;
; SLD_NODE_PARAMETER_ASSIGNMENT           ; SLD_ENABLE_ADVANCED_TRIGGER=0                                                                                                                                                                                                                                                                                                                                                                                     ; --            ; --          ; lvds                              ;
; SLD_NODE_PARAMETER_ASSIGNMENT           ; SLD_DATA_BITS=119                                                                                                                                                                                                                                                                                                                                                                                                 ; --            ; --          ; lvds                              ;
; SLD_NODE_PARAMETER_ASSIGNMENT           ; SLD_TRIGGER_BITS=119                                                                                                                                                                                                                                                                                                                                                                                              ; --            ; --          ; lvds                              ;
; SLD_NODE_PARAMETER_ASSIGNMENT           ; SLD_STORAGE_QUALIFIER_BITS=119                                                                                                                                                                                                                                                                                                                                                                                    ; --            ; --          ; lvds                              ;
; SLD_NODE_PARAMETER_ASSIGNMENT           ; SLD_INVERSION_MASK=0000000000000000000000000000000000000000000000000000000000000000000000000000000000000000000000000000000000000000000000000000000000000000000000000000000000000000000000000000000000000000000000000000000000000000000000000000000000000000000000000000000000000000000000000000000000000000000000000000000000000000000000000000000000000000000000000000000000000000000000000000000000000000000000 ; --            ; --          ; lvds                              ;
; SLD_NODE_PARAMETER_ASSIGNMENT           ; SLD_INVERSION_MASK_LENGTH=382                                                                                                                                                                                                                                                                                                                                                                                     ; --            ; --          ; lvds                              ;
; SLD_NODE_PARAMETER_ASSIGNMENT           ; SLD_SEGMENT_SIZE=2048                                                                                                                                                                                                                                                                                                                                                                                             ; --            ; --          ; lvds                              ;
; SLD_NODE_PARAMETER_ASSIGNMENT           ; SLD_SAMPLE_DEPTH=2048                                                                                                                                                                                                                                                                                                                                                                                             ; --            ; --          ; lvds                              ;
; TIMING_ANALYZER_DO_REPORT_TIMING        ; On                                                                                                                                                                                                                                                                                                                                                                                                                ; Off           ; --          ; --                                ;
; TOP_LEVEL_ENTITY                        ; ACDC_main                                                                                                                                                                                                                                                                                                                                                                                                         ; ACDC-1v1      ; --          ; --                                ;
; USE_SIGNALTAP_FILE                      ; tap_self_trig.stp                                                                                                                                                                                                                                                                                                                                                                                                 ; --            ; --          ; --                                ;
; VHDL_INPUT_VERSION                      ; VHDL_2008                                                                                                                                                                                                                                                                                                                                                                                                         ; VHDL_1993     ; --          ; --                                ;
; VHDL_SHOW_LMF_MAPPING_MESSAGES          ; Off                                                                                                                                                                                                                                                                                                                                                                                                               ; --            ; --          ; --                                ;
+-----------------------------------------+-------------------------------------------------------------------------------------------------------------------------------------------------------------------------------------------------------------------------------------------------------------------------------------------------------------------------------------------------------------------------------------------------------------------+---------------+-------------+-----------------------------------+


+-----------------------------------------------------------------------------------------------------------------------------+
; Flow Elapsed Time                                                                                                           ;
+-------------------------+--------------+-------------------------+---------------------+------------------------------------+
; Module Name             ; Elapsed Time ; Average Processors Used ; Peak Virtual Memory ; Total CPU Time (on all processors) ;
+-------------------------+--------------+-------------------------+---------------------+------------------------------------+
; Analysis & Synthesis    ; 00:00:59     ; 1.0                     ; 5180 MB             ; 00:01:16                           ;
; Partition Merge         ; 00:00:02     ; 1.0                     ; 4821 MB             ; 00:00:02                           ;
; I/O Assignment Analysis ; 00:00:13     ; 1.0                     ; 5175 MB             ; 00:00:12                           ;
; Fitter                  ; 00:01:32     ; 1.2                     ; 6465 MB             ; 00:04:00                           ;
; Assembler               ; 00:00:07     ; 1.0                     ; 4809 MB             ; 00:00:07                           ;
; Timing Analyzer         ; 00:00:05     ; 1.5                     ; 5146 MB             ; 00:00:07                           ;
; EDA Netlist Writer      ; 00:00:03     ; 1.0                     ; 4818 MB             ; 00:00:04                           ;
; Analysis & Synthesis    ; 00:00:46     ; 1.0                     ; 5192 MB             ; 00:01:04                           ;
; Partition Merge         ; 00:00:02     ; 1.0                     ; 4823 MB             ; 00:00:02                           ;
; I/O Assignment Analysis ; 00:00:11     ; 1.0                     ; 5172 MB             ; 00:00:11                           ;
; Fitter                  ; 00:01:25     ; 1.2                     ; 6532 MB             ; 00:03:50                           ;
; Assembler               ; 00:00:07     ; 1.0                     ; 4808 MB             ; 00:00:06                           ;
; Timing Analyzer         ; 00:00:06     ; 1.5                     ; 5148 MB             ; 00:00:07                           ;
; EDA Netlist Writer      ; 00:00:04     ; 1.0                     ; 4822 MB             ; 00:00:03                           ;
; Analysis & Synthesis    ; 00:00:47     ; 1.0                     ; 5196 MB             ; 00:01:05                           ;
; Partition Merge         ; 00:00:01     ; 1.0                     ; 4826 MB             ; 00:00:02                           ;
; I/O Assignment Analysis ; 00:00:11     ; 1.0                     ; 5172 MB             ; 00:00:11                           ;
; Fitter                  ; 00:01:25     ; 1.2                     ; 6531 MB             ; 00:03:51                           ;
; Assembler               ; 00:00:06     ; 1.0                     ; 4811 MB             ; 00:00:06                           ;
; Timing Analyzer         ; 00:00:06     ; 1.5                     ; 5147 MB             ; 00:00:07                           ;
; EDA Netlist Writer      ; 00:00:04     ; 1.0                     ; 4818 MB             ; 00:00:04                           ;
; Analysis & Synthesis    ; 00:00:50     ; 1.0                     ; 5193 MB             ; 00:01:05                           ;
; Partition Merge         ; 00:00:02     ; 1.0                     ; 4822 MB             ; 00:00:02                           ;
; I/O Assignment Analysis ; 00:00:13     ; 1.0                     ; 5173 MB             ; 00:00:11                           ;
; Fitter                  ; 00:01:30     ; 1.2                     ; 6466 MB             ; 00:04:04                           ;
; Assembler               ; 00:00:06     ; 1.0                     ; 4812 MB             ; 00:00:06                           ;
; Timing Analyzer         ; 00:00:06     ; 1.5                     ; 5147 MB             ; 00:00:07                           ;
; EDA Netlist Writer      ; 00:00:03     ; 1.0                     ; 4831 MB             ; 00:00:04                           ;
; Analysis & Synthesis    ; 00:00:08     ; 1.0                     ; 4883 MB             ; 00:00:17                           ;
; Analysis & Synthesis    ; 00:00:45     ; 1.0                     ; 5166 MB             ; 00:01:02                           ;
; Partition Merge         ; 00:00:02     ; 1.0                     ; 4815 MB             ; 00:00:02                           ;
; I/O Assignment Analysis ; 00:00:11     ; 1.0                     ; 5167 MB             ; 00:00:10                           ;
; Fitter                  ; 00:01:12     ; 1.2                     ; 6510 MB             ; 00:02:58                           ;
; Assembler               ; 00:00:06     ; 1.0                     ; 4806 MB             ; 00:00:06                           ;
; Timing Analyzer         ; 00:00:06     ; 1.5                     ; 5126 MB             ; 00:00:06                           ;
; EDA Netlist Writer      ; 00:00:04     ; 1.0                     ; 4809 MB             ; 00:00:04                           ;
; Analysis & Synthesis    ; 00:00:43     ; 1.0                     ; 5172 MB             ; 00:01:00                           ;
; Partition Merge         ; 00:00:01     ; 1.0                     ; 4814 MB             ; 00:00:02                           ;
; I/O Assignment Analysis ; 00:00:10     ; 1.0                     ; 5164 MB             ; 00:00:09                           ;
; Fitter                  ; 00:01:04     ; 1.2                     ; 6516 MB             ; 00:02:44                           ;
; Assembler               ; 00:00:06     ; 1.0                     ; 4800 MB             ; 00:00:06                           ;
; Timing Analyzer         ; 00:00:06     ; 1.5                     ; 5122 MB             ; 00:00:06                           ;
; EDA Netlist Writer      ; 00:00:03     ; 1.0                     ; 4820 MB             ; 00:00:03                           ;
; Analysis & Synthesis    ; 00:00:42     ; 1.0                     ; 5171 MB             ; 00:00:58                           ;
; Partition Merge         ; 00:00:02     ; 1.0                     ; 4813 MB             ; 00:00:02                           ;
; I/O Assignment Analysis ; 00:00:10     ; 1.0                     ; 5166 MB             ; 00:00:09                           ;
; Fitter                  ; 00:01:06     ; 1.2                     ; 6511 MB             ; 00:02:49                           ;
; Assembler               ; 00:00:05     ; 1.0                     ; 4803 MB             ; 00:00:06                           ;
; Timing Analyzer         ; 00:00:06     ; 1.4                     ; 5130 MB             ; 00:00:06                           ;
; EDA Netlist Writer      ; 00:00:05     ; 1.0                     ; 4823 MB             ; 00:00:05                           ;
; Analysis & Synthesis    ; 00:00:41     ; 1.0                     ; 5172 MB             ; 00:00:56                           ;
; Partition Merge         ; 00:00:01     ; 1.0                     ; 4813 MB             ; 00:00:02                           ;
; I/O Assignment Analysis ; 00:00:09     ; 1.0                     ; 5165 MB             ; 00:00:10                           ;
; Fitter                  ; 00:01:03     ; 1.2                     ; 6510 MB             ; 00:02:37                           ;
; Assembler               ; 00:00:06     ; 1.0                     ; 4800 MB             ; 00:00:06                           ;
; Timing Analyzer         ; 00:00:05     ; 1.4                     ; 5120 MB             ; 00:00:06                           ;
; EDA Netlist Writer      ; 00:00:04     ; 1.0                     ; 4827 MB             ; 00:00:03                           ;
; Analysis & Synthesis    ; 00:00:48     ; 1.0                     ; 5170 MB             ; 00:01:05                           ;
; Partition Merge         ; 00:00:02     ; 1.0                     ; 4814 MB             ; 00:00:02                           ;
; I/O Assignment Analysis ; 00:00:10     ; 1.0                     ; 5164 MB             ; 00:00:10                           ;
; Fitter                  ; 00:01:18     ; 1.2                     ; 6491 MB             ; 00:03:21                           ;
; Assembler               ; 00:00:07     ; 1.0                     ; 4800 MB             ; 00:00:06                           ;
; Timing Analyzer         ; 00:00:06     ; 1.4                     ; 5120 MB             ; 00:00:07                           ;
; EDA Netlist Writer      ; 00:00:04     ; 1.0                     ; 4811 MB             ; 00:00:04                           ;
; Analysis & Synthesis    ; 00:00:45     ; 1.0                     ; 5176 MB             ; 00:00:58                           ;
; Partition Merge         ; 00:00:02     ; 1.0                     ; 4815 MB             ; 00:00:02                           ;
; I/O Assignment Analysis ; 00:00:11     ; 1.0                     ; 5165 MB             ; 00:00:10                           ;
; Fitter                  ; 00:01:04     ; 1.2                     ; 6510 MB             ; 00:02:39                           ;
; Assembler               ; 00:00:06     ; 1.0                     ; 4799 MB             ; 00:00:06                           ;
; Timing Analyzer         ; 00:00:05     ; 1.5                     ; 5120 MB             ; 00:00:06                           ;
; EDA Netlist Writer      ; 00:00:04     ; 1.0                     ; 4821 MB             ; 00:00:03                           ;
; Analysis & Synthesis    ; 00:00:42     ; 1.0                     ; 5173 MB             ; 00:00:57                           ;
; Partition Merge         ; 00:00:02     ; 1.0                     ; 4814 MB             ; 00:00:02                           ;
; I/O Assignment Analysis ; 00:00:10     ; 1.0                     ; 5165 MB             ; 00:00:09                           ;
; Fitter                  ; 00:01:03     ; 1.2                     ; 6512 MB             ; 00:02:39                           ;
; Assembler               ; 00:00:06     ; 1.0                     ; 4799 MB             ; 00:00:06                           ;
; Timing Analyzer         ; 00:00:04     ; 1.5                     ; 5123 MB             ; 00:00:06                           ;
; EDA Netlist Writer      ; 00:00:03     ; 1.0                     ; 4812 MB             ; 00:00:03                           ;
; Analysis & Synthesis    ; 00:00:08     ; 1.0                     ; 4880 MB             ; 00:00:16                           ;
; Analysis & Synthesis    ; 00:00:08     ; 1.0                     ; 4873 MB             ; 00:00:15                           ;
; Analysis & Synthesis    ; 00:00:09     ; 1.0                     ; 4928 MB             ; 00:00:17                           ;
; Analysis & Synthesis    ; 00:00:08     ; 1.0                     ; 4928 MB             ; 00:00:16                           ;
; Analysis & Synthesis    ; 00:00:41     ; 1.0                     ; 5160 MB             ; 00:00:56                           ;
; Partition Merge         ; 00:00:01     ; 1.0                     ; 4814 MB             ; 00:00:02                           ;
; I/O Assignment Analysis ; 00:00:10     ; 1.0                     ; 5165 MB             ; 00:00:10                           ;
; Fitter                  ; 00:01:08     ; 1.1                     ; 6509 MB             ; 00:02:44                           ;
; Assembler               ; 00:00:05     ; 1.0                     ; 4803 MB             ; 00:00:06                           ;
; Timing Analyzer         ; 00:00:05     ; 1.4                     ; 5125 MB             ; 00:00:06                           ;
; EDA Netlist Writer      ; 00:00:03     ; 1.0                     ; 4811 MB             ; 00:00:03                           ;
; Analysis & Synthesis    ; 00:00:08     ; 1.0                     ; 4879 MB             ; 00:00:15                           ;
; Analysis & Synthesis    ; 00:00:08     ; 1.0                     ; 4872 MB             ; 00:00:15                           ;
; Analysis & Synthesis    ; 00:00:42     ; 1.0                     ; 5163 MB             ; 00:00:57                           ;
; Partition Merge         ; 00:00:02     ; 1.0                     ; 4813 MB             ; 00:00:02                           ;
; I/O Assignment Analysis ; 00:00:10     ; 1.0                     ; 5165 MB             ; 00:00:10                           ;
; Fitter                  ; 00:01:05     ; 1.2                     ; 6513 MB             ; 00:02:46                           ;
; Assembler               ; 00:00:06     ; 1.0                     ; 4800 MB             ; 00:00:06                           ;
; Timing Analyzer         ; 00:00:05     ; 1.5                     ; 5119 MB             ; 00:00:06                           ;
; EDA Netlist Writer      ; 00:00:03     ; 1.0                     ; 4802 MB             ; 00:00:03                           ;
; Analysis & Synthesis    ; 00:00:42     ; 1.0                     ; 5172 MB             ; 00:00:58                           ;
; Partition Merge         ; 00:00:02     ; 1.0                     ; 4813 MB             ; 00:00:02                           ;
; I/O Assignment Analysis ; 00:00:09     ; 1.0                     ; 5167 MB             ; 00:00:10                           ;
; Fitter                  ; 00:01:05     ; 1.2                     ; 6512 MB             ; 00:02:44                           ;
; Assembler               ; 00:00:06     ; 1.0                     ; 4803 MB             ; 00:00:06                           ;
; Timing Analyzer         ; 00:00:05     ; 1.5                     ; 5117 MB             ; 00:00:06                           ;
; EDA Netlist Writer      ; 00:00:04     ; 1.0                     ; 4796 MB             ; 00:00:03                           ;
; Analysis & Synthesis    ; 00:00:08     ; 1.0                     ; 4879 MB             ; 00:00:15                           ;
; Analysis & Synthesis    ; 00:00:42     ; 1.0                     ; 5164 MB             ; 00:00:58                           ;
; Partition Merge         ; 00:00:02     ; 1.0                     ; 4812 MB             ; 00:00:02                           ;
; I/O Assignment Analysis ; 00:00:09     ; 1.0                     ; 5164 MB             ; 00:00:10                           ;
; Fitter                  ; 00:01:06     ; 1.2                     ; 6512 MB             ; 00:02:50                           ;
; Assembler               ; 00:00:06     ; 1.0                     ; 4802 MB             ; 00:00:06                           ;
; Timing Analyzer         ; 00:00:05     ; 1.4                     ; 5126 MB             ; 00:00:06                           ;
; EDA Netlist Writer      ; 00:00:04     ; 1.0                     ; 4811 MB             ; 00:00:04                           ;
; Analysis & Synthesis    ; 00:00:43     ; 1.0                     ; 5173 MB             ; 00:00:56                           ;
; Partition Merge         ; 00:00:01     ; 1.0                     ; 4812 MB             ; 00:00:02                           ;
; I/O Assignment Analysis ; 00:00:12     ; 1.0                     ; 5165 MB             ; 00:00:11                           ;
; Fitter                  ; 00:01:11     ; 1.2                     ; 6509 MB             ; 00:02:55                           ;
; Assembler               ; 00:00:07     ; 1.0                     ; 4803 MB             ; 00:00:06                           ;
; Timing Analyzer         ; 00:00:05     ; 1.5                     ; 5124 MB             ; 00:00:07                           ;
; EDA Netlist Writer      ; 00:00:03     ; 1.0                     ; 4808 MB             ; 00:00:04                           ;
; Analysis & Synthesis    ; 00:00:42     ; 1.0                     ; 5170 MB             ; 00:00:58                           ;
; Partition Merge         ; 00:00:02     ; 1.0                     ; 4813 MB             ; 00:00:02                           ;
; I/O Assignment Analysis ; 00:00:10     ; 1.0                     ; 5165 MB             ; 00:00:10                           ;
; Fitter                  ; 00:01:05     ; 1.2                     ; 6510 MB             ; 00:02:43                           ;
; Assembler               ; 00:00:06     ; 1.0                     ; 4802 MB             ; 00:00:06                           ;
; Timing Analyzer         ; 00:00:05     ; 1.5                     ; 5136 MB             ; 00:00:06                           ;
; EDA Netlist Writer      ; 00:00:03     ; 1.0                     ; 4811 MB             ; 00:00:04                           ;
; Total                   ; 00:41:51     ; --                      ; --                  ; 01:19:28                           ;
+-------------------------+--------------+-------------------------+---------------------+------------------------------------+


+---------------------------------------------------------------------------------------+
; Flow OS Summary                                                                       ;
+-------------------------+------------------+------------+------------+----------------+
; Module Name             ; Machine Hostname ; OS Name    ; OS Version ; Processor type ;
+-------------------------+------------------+------------+------------+----------------+
; Analysis & Synthesis    ; DESKTOP-ICCBMTN  ; Windows 10 ; 10.0       ; x86_64         ;
; Partition Merge         ; DESKTOP-ICCBMTN  ; Windows 10 ; 10.0       ; x86_64         ;
; I/O Assignment Analysis ; DESKTOP-ICCBMTN  ; Windows 10 ; 10.0       ; x86_64         ;
; Fitter                  ; DESKTOP-ICCBMTN  ; Windows 10 ; 10.0       ; x86_64         ;
; Assembler               ; DESKTOP-ICCBMTN  ; Windows 10 ; 10.0       ; x86_64         ;
; Timing Analyzer         ; DESKTOP-ICCBMTN  ; Windows 10 ; 10.0       ; x86_64         ;
; EDA Netlist Writer      ; DESKTOP-ICCBMTN  ; Windows 10 ; 10.0       ; x86_64         ;
; Analysis & Synthesis    ; DESKTOP-ICCBMTN  ; Windows 10 ; 10.0       ; x86_64         ;
; Partition Merge         ; DESKTOP-ICCBMTN  ; Windows 10 ; 10.0       ; x86_64         ;
; I/O Assignment Analysis ; DESKTOP-ICCBMTN  ; Windows 10 ; 10.0       ; x86_64         ;
; Fitter                  ; DESKTOP-ICCBMTN  ; Windows 10 ; 10.0       ; x86_64         ;
; Assembler               ; DESKTOP-ICCBMTN  ; Windows 10 ; 10.0       ; x86_64         ;
; Timing Analyzer         ; DESKTOP-ICCBMTN  ; Windows 10 ; 10.0       ; x86_64         ;
; EDA Netlist Writer      ; DESKTOP-ICCBMTN  ; Windows 10 ; 10.0       ; x86_64         ;
; Analysis & Synthesis    ; DESKTOP-ICCBMTN  ; Windows 10 ; 10.0       ; x86_64         ;
; Partition Merge         ; DESKTOP-ICCBMTN  ; Windows 10 ; 10.0       ; x86_64         ;
; I/O Assignment Analysis ; DESKTOP-ICCBMTN  ; Windows 10 ; 10.0       ; x86_64         ;
; Fitter                  ; DESKTOP-ICCBMTN  ; Windows 10 ; 10.0       ; x86_64         ;
; Assembler               ; DESKTOP-ICCBMTN  ; Windows 10 ; 10.0       ; x86_64         ;
; Timing Analyzer         ; DESKTOP-ICCBMTN  ; Windows 10 ; 10.0       ; x86_64         ;
; EDA Netlist Writer      ; DESKTOP-ICCBMTN  ; Windows 10 ; 10.0       ; x86_64         ;
; Analysis & Synthesis    ; DESKTOP-ICCBMTN  ; Windows 10 ; 10.0       ; x86_64         ;
; Partition Merge         ; DESKTOP-ICCBMTN  ; Windows 10 ; 10.0       ; x86_64         ;
; I/O Assignment Analysis ; DESKTOP-ICCBMTN  ; Windows 10 ; 10.0       ; x86_64         ;
; Fitter                  ; DESKTOP-ICCBMTN  ; Windows 10 ; 10.0       ; x86_64         ;
; Assembler               ; DESKTOP-ICCBMTN  ; Windows 10 ; 10.0       ; x86_64         ;
; Timing Analyzer         ; DESKTOP-ICCBMTN  ; Windows 10 ; 10.0       ; x86_64         ;
; EDA Netlist Writer      ; DESKTOP-ICCBMTN  ; Windows 10 ; 10.0       ; x86_64         ;
; Analysis & Synthesis    ; DESKTOP-ICCBMTN  ; Windows 10 ; 10.0       ; x86_64         ;
; Analysis & Synthesis    ; DESKTOP-ICCBMTN  ; Windows 10 ; 10.0       ; x86_64         ;
; Partition Merge         ; DESKTOP-ICCBMTN  ; Windows 10 ; 10.0       ; x86_64         ;
; I/O Assignment Analysis ; DESKTOP-ICCBMTN  ; Windows 10 ; 10.0       ; x86_64         ;
; Fitter                  ; DESKTOP-ICCBMTN  ; Windows 10 ; 10.0       ; x86_64         ;
; Assembler               ; DESKTOP-ICCBMTN  ; Windows 10 ; 10.0       ; x86_64         ;
; Timing Analyzer         ; DESKTOP-ICCBMTN  ; Windows 10 ; 10.0       ; x86_64         ;
; EDA Netlist Writer      ; DESKTOP-ICCBMTN  ; Windows 10 ; 10.0       ; x86_64         ;
; Analysis & Synthesis    ; DESKTOP-ICCBMTN  ; Windows 10 ; 10.0       ; x86_64         ;
; Partition Merge         ; DESKTOP-ICCBMTN  ; Windows 10 ; 10.0       ; x86_64         ;
; I/O Assignment Analysis ; DESKTOP-ICCBMTN  ; Windows 10 ; 10.0       ; x86_64         ;
; Fitter                  ; DESKTOP-ICCBMTN  ; Windows 10 ; 10.0       ; x86_64         ;
; Assembler               ; DESKTOP-ICCBMTN  ; Windows 10 ; 10.0       ; x86_64         ;
; Timing Analyzer         ; DESKTOP-ICCBMTN  ; Windows 10 ; 10.0       ; x86_64         ;
; EDA Netlist Writer      ; DESKTOP-ICCBMTN  ; Windows 10 ; 10.0       ; x86_64         ;
; Analysis & Synthesis    ; DESKTOP-ICCBMTN  ; Windows 10 ; 10.0       ; x86_64         ;
; Partition Merge         ; DESKTOP-ICCBMTN  ; Windows 10 ; 10.0       ; x86_64         ;
; I/O Assignment Analysis ; DESKTOP-ICCBMTN  ; Windows 10 ; 10.0       ; x86_64         ;
; Fitter                  ; DESKTOP-ICCBMTN  ; Windows 10 ; 10.0       ; x86_64         ;
; Assembler               ; DESKTOP-ICCBMTN  ; Windows 10 ; 10.0       ; x86_64         ;
; Timing Analyzer         ; DESKTOP-ICCBMTN  ; Windows 10 ; 10.0       ; x86_64         ;
; EDA Netlist Writer      ; DESKTOP-ICCBMTN  ; Windows 10 ; 10.0       ; x86_64         ;
; Analysis & Synthesis    ; DESKTOP-ICCBMTN  ; Windows 10 ; 10.0       ; x86_64         ;
; Partition Merge         ; DESKTOP-ICCBMTN  ; Windows 10 ; 10.0       ; x86_64         ;
; I/O Assignment Analysis ; DESKTOP-ICCBMTN  ; Windows 10 ; 10.0       ; x86_64         ;
; Fitter                  ; DESKTOP-ICCBMTN  ; Windows 10 ; 10.0       ; x86_64         ;
; Assembler               ; DESKTOP-ICCBMTN  ; Windows 10 ; 10.0       ; x86_64         ;
; Timing Analyzer         ; DESKTOP-ICCBMTN  ; Windows 10 ; 10.0       ; x86_64         ;
; EDA Netlist Writer      ; DESKTOP-ICCBMTN  ; Windows 10 ; 10.0       ; x86_64         ;
; Analysis & Synthesis    ; DESKTOP-ICCBMTN  ; Windows 10 ; 10.0       ; x86_64         ;
; Partition Merge         ; DESKTOP-ICCBMTN  ; Windows 10 ; 10.0       ; x86_64         ;
; I/O Assignment Analysis ; DESKTOP-ICCBMTN  ; Windows 10 ; 10.0       ; x86_64         ;
; Fitter                  ; DESKTOP-ICCBMTN  ; Windows 10 ; 10.0       ; x86_64         ;
; Assembler               ; DESKTOP-ICCBMTN  ; Windows 10 ; 10.0       ; x86_64         ;
; Timing Analyzer         ; DESKTOP-ICCBMTN  ; Windows 10 ; 10.0       ; x86_64         ;
; EDA Netlist Writer      ; DESKTOP-ICCBMTN  ; Windows 10 ; 10.0       ; x86_64         ;
; Analysis & Synthesis    ; DESKTOP-ICCBMTN  ; Windows 10 ; 10.0       ; x86_64         ;
; Partition Merge         ; DESKTOP-ICCBMTN  ; Windows 10 ; 10.0       ; x86_64         ;
; I/O Assignment Analysis ; DESKTOP-ICCBMTN  ; Windows 10 ; 10.0       ; x86_64         ;
; Fitter                  ; DESKTOP-ICCBMTN  ; Windows 10 ; 10.0       ; x86_64         ;
; Assembler               ; DESKTOP-ICCBMTN  ; Windows 10 ; 10.0       ; x86_64         ;
; Timing Analyzer         ; DESKTOP-ICCBMTN  ; Windows 10 ; 10.0       ; x86_64         ;
; EDA Netlist Writer      ; DESKTOP-ICCBMTN  ; Windows 10 ; 10.0       ; x86_64         ;
; Analysis & Synthesis    ; DESKTOP-ICCBMTN  ; Windows 10 ; 10.0       ; x86_64         ;
; Partition Merge         ; DESKTOP-ICCBMTN  ; Windows 10 ; 10.0       ; x86_64         ;
; I/O Assignment Analysis ; DESKTOP-ICCBMTN  ; Windows 10 ; 10.0       ; x86_64         ;
; Fitter                  ; DESKTOP-ICCBMTN  ; Windows 10 ; 10.0       ; x86_64         ;
; Assembler               ; DESKTOP-ICCBMTN  ; Windows 10 ; 10.0       ; x86_64         ;
; Timing Analyzer         ; DESKTOP-ICCBMTN  ; Windows 10 ; 10.0       ; x86_64         ;
; EDA Netlist Writer      ; DESKTOP-ICCBMTN  ; Windows 10 ; 10.0       ; x86_64         ;
; Analysis & Synthesis    ; DESKTOP-ICCBMTN  ; Windows 10 ; 10.0       ; x86_64         ;
; Analysis & Synthesis    ; DESKTOP-ICCBMTN  ; Windows 10 ; 10.0       ; x86_64         ;
; Analysis & Synthesis    ; DESKTOP-ICCBMTN  ; Windows 10 ; 10.0       ; x86_64         ;
; Analysis & Synthesis    ; DESKTOP-ICCBMTN  ; Windows 10 ; 10.0       ; x86_64         ;
; Analysis & Synthesis    ; DESKTOP-ICCBMTN  ; Windows 10 ; 10.0       ; x86_64         ;
; Partition Merge         ; DESKTOP-ICCBMTN  ; Windows 10 ; 10.0       ; x86_64         ;
; I/O Assignment Analysis ; DESKTOP-ICCBMTN  ; Windows 10 ; 10.0       ; x86_64         ;
; Fitter                  ; DESKTOP-ICCBMTN  ; Windows 10 ; 10.0       ; x86_64         ;
; Assembler               ; DESKTOP-ICCBMTN  ; Windows 10 ; 10.0       ; x86_64         ;
; Timing Analyzer         ; DESKTOP-ICCBMTN  ; Windows 10 ; 10.0       ; x86_64         ;
; EDA Netlist Writer      ; DESKTOP-ICCBMTN  ; Windows 10 ; 10.0       ; x86_64         ;
; Analysis & Synthesis    ; DESKTOP-ICCBMTN  ; Windows 10 ; 10.0       ; x86_64         ;
; Analysis & Synthesis    ; DESKTOP-ICCBMTN  ; Windows 10 ; 10.0       ; x86_64         ;
; Analysis & Synthesis    ; DESKTOP-ICCBMTN  ; Windows 10 ; 10.0       ; x86_64         ;
; Partition Merge         ; DESKTOP-ICCBMTN  ; Windows 10 ; 10.0       ; x86_64         ;
; I/O Assignment Analysis ; DESKTOP-ICCBMTN  ; Windows 10 ; 10.0       ; x86_64         ;
; Fitter                  ; DESKTOP-ICCBMTN  ; Windows 10 ; 10.0       ; x86_64         ;
; Assembler               ; DESKTOP-ICCBMTN  ; Windows 10 ; 10.0       ; x86_64         ;
; Timing Analyzer         ; DESKTOP-ICCBMTN  ; Windows 10 ; 10.0       ; x86_64         ;
; EDA Netlist Writer      ; DESKTOP-ICCBMTN  ; Windows 10 ; 10.0       ; x86_64         ;
; Analysis & Synthesis    ; DESKTOP-ICCBMTN  ; Windows 10 ; 10.0       ; x86_64         ;
; Partition Merge         ; DESKTOP-ICCBMTN  ; Windows 10 ; 10.0       ; x86_64         ;
; I/O Assignment Analysis ; DESKTOP-ICCBMTN  ; Windows 10 ; 10.0       ; x86_64         ;
; Fitter                  ; DESKTOP-ICCBMTN  ; Windows 10 ; 10.0       ; x86_64         ;
; Assembler               ; DESKTOP-ICCBMTN  ; Windows 10 ; 10.0       ; x86_64         ;
; Timing Analyzer         ; DESKTOP-ICCBMTN  ; Windows 10 ; 10.0       ; x86_64         ;
; EDA Netlist Writer      ; DESKTOP-ICCBMTN  ; Windows 10 ; 10.0       ; x86_64         ;
; Analysis & Synthesis    ; DESKTOP-ICCBMTN  ; Windows 10 ; 10.0       ; x86_64         ;
; Analysis & Synthesis    ; DESKTOP-ICCBMTN  ; Windows 10 ; 10.0       ; x86_64         ;
; Partition Merge         ; DESKTOP-ICCBMTN  ; Windows 10 ; 10.0       ; x86_64         ;
; I/O Assignment Analysis ; DESKTOP-ICCBMTN  ; Windows 10 ; 10.0       ; x86_64         ;
; Fitter                  ; DESKTOP-ICCBMTN  ; Windows 10 ; 10.0       ; x86_64         ;
; Assembler               ; DESKTOP-ICCBMTN  ; Windows 10 ; 10.0       ; x86_64         ;
; Timing Analyzer         ; DESKTOP-ICCBMTN  ; Windows 10 ; 10.0       ; x86_64         ;
; EDA Netlist Writer      ; DESKTOP-ICCBMTN  ; Windows 10 ; 10.0       ; x86_64         ;
; Analysis & Synthesis    ; DESKTOP-ICCBMTN  ; Windows 10 ; 10.0       ; x86_64         ;
; Partition Merge         ; DESKTOP-ICCBMTN  ; Windows 10 ; 10.0       ; x86_64         ;
; I/O Assignment Analysis ; DESKTOP-ICCBMTN  ; Windows 10 ; 10.0       ; x86_64         ;
; Fitter                  ; DESKTOP-ICCBMTN  ; Windows 10 ; 10.0       ; x86_64         ;
; Assembler               ; DESKTOP-ICCBMTN  ; Windows 10 ; 10.0       ; x86_64         ;
; Timing Analyzer         ; DESKTOP-ICCBMTN  ; Windows 10 ; 10.0       ; x86_64         ;
; EDA Netlist Writer      ; DESKTOP-ICCBMTN  ; Windows 10 ; 10.0       ; x86_64         ;
; Analysis & Synthesis    ; DESKTOP-ICCBMTN  ; Windows 10 ; 10.0       ; x86_64         ;
; Partition Merge         ; DESKTOP-ICCBMTN  ; Windows 10 ; 10.0       ; x86_64         ;
; I/O Assignment Analysis ; DESKTOP-ICCBMTN  ; Windows 10 ; 10.0       ; x86_64         ;
; Fitter                  ; DESKTOP-ICCBMTN  ; Windows 10 ; 10.0       ; x86_64         ;
; Assembler               ; DESKTOP-ICCBMTN  ; Windows 10 ; 10.0       ; x86_64         ;
; Timing Analyzer         ; DESKTOP-ICCBMTN  ; Windows 10 ; 10.0       ; x86_64         ;
; EDA Netlist Writer      ; DESKTOP-ICCBMTN  ; Windows 10 ; 10.0       ; x86_64         ;
+-------------------------+------------------+------------+------------+----------------+


------------
; Flow Log ;
------------
quartus_map --read_settings_files=on --write_settings_files=off ACDC -c ACDC-1v1
quartus_cdb --read_settings_files=off --write_settings_files=off ACDC -c ACDC-1v1 --merge=on
quartus_fit --read_settings_files=off --write_settings_files=off ACDC -c ACDC-1v1 --plan
quartus_fit --read_settings_files=off --write_settings_files=off ACDC -c ACDC-1v1
quartus_asm --read_settings_files=off --write_settings_files=off ACDC -c ACDC-1v1
quartus_sta ACDC -c ACDC-1v1
quartus_eda --read_settings_files=off --write_settings_files=off ACDC -c ACDC-1v1
quartus_map --read_settings_files=on --write_settings_files=off ACDC -c ACDC-1v1
quartus_cdb --read_settings_files=off --write_settings_files=off ACDC -c ACDC-1v1 --merge=on
quartus_fit --read_settings_files=off --write_settings_files=off ACDC -c ACDC-1v1 --plan
quartus_fit --read_settings_files=off --write_settings_files=off ACDC -c ACDC-1v1
quartus_asm --read_settings_files=off --write_settings_files=off ACDC -c ACDC-1v1
quartus_sta ACDC -c ACDC-1v1
quartus_eda --read_settings_files=off --write_settings_files=off ACDC -c ACDC-1v1
quartus_map --read_settings_files=on --write_settings_files=off ACDC -c ACDC-1v1
quartus_cdb --read_settings_files=off --write_settings_files=off ACDC -c ACDC-1v1 --merge=on
quartus_fit --read_settings_files=off --write_settings_files=off ACDC -c ACDC-1v1 --plan
quartus_fit --read_settings_files=off --write_settings_files=off ACDC -c ACDC-1v1
quartus_asm --read_settings_files=off --write_settings_files=off ACDC -c ACDC-1v1
quartus_sta ACDC -c ACDC-1v1
quartus_eda --read_settings_files=off --write_settings_files=off ACDC -c ACDC-1v1
quartus_map --read_settings_files=on --write_settings_files=off ACDC -c ACDC-1v1
quartus_cdb --read_settings_files=off --write_settings_files=off ACDC -c ACDC-1v1 --merge=on
quartus_fit --read_settings_files=off --write_settings_files=off ACDC -c ACDC-1v1 --plan
quartus_fit --read_settings_files=off --write_settings_files=off ACDC -c ACDC-1v1
quartus_asm --read_settings_files=off --write_settings_files=off ACDC -c ACDC-1v1
quartus_sta ACDC -c ACDC-1v1
quartus_eda --read_settings_files=off --write_settings_files=off ACDC -c ACDC-1v1
quartus_map --read_settings_files=on --write_settings_files=off ACDC -c ACDC-1v1
quartus_map --read_settings_files=on --write_settings_files=off ACDC -c ACDC-1v1
quartus_cdb --read_settings_files=off --write_settings_files=off ACDC -c ACDC-1v1 --merge=on
quartus_fit --read_settings_files=off --write_settings_files=off ACDC -c ACDC-1v1 --plan
quartus_fit --read_settings_files=off --write_settings_files=off ACDC -c ACDC-1v1
quartus_asm --read_settings_files=off --write_settings_files=off ACDC -c ACDC-1v1
quartus_sta ACDC -c ACDC-1v1
quartus_eda --read_settings_files=off --write_settings_files=off ACDC -c ACDC-1v1
quartus_map --read_settings_files=on --write_settings_files=off ACDC -c ACDC-1v1
quartus_cdb --read_settings_files=off --write_settings_files=off ACDC -c ACDC-1v1 --merge=on
quartus_fit --read_settings_files=off --write_settings_files=off ACDC -c ACDC-1v1 --plan
quartus_fit --read_settings_files=off --write_settings_files=off ACDC -c ACDC-1v1
quartus_asm --read_settings_files=off --write_settings_files=off ACDC -c ACDC-1v1
quartus_sta ACDC -c ACDC-1v1
quartus_eda --read_settings_files=off --write_settings_files=off ACDC -c ACDC-1v1
quartus_map --read_settings_files=on --write_settings_files=off ACDC -c ACDC-1v1
quartus_cdb --read_settings_files=off --write_settings_files=off ACDC -c ACDC-1v1 --merge=on
quartus_fit --read_settings_files=off --write_settings_files=off ACDC -c ACDC-1v1 --plan
quartus_fit --read_settings_files=off --write_settings_files=off ACDC -c ACDC-1v1
quartus_asm --read_settings_files=off --write_settings_files=off ACDC -c ACDC-1v1
quartus_sta ACDC -c ACDC-1v1
quartus_eda --read_settings_files=off --write_settings_files=off ACDC -c ACDC-1v1
quartus_map --read_settings_files=on --write_settings_files=off ACDC -c ACDC-1v1
quartus_cdb --read_settings_files=off --write_settings_files=off ACDC -c ACDC-1v1 --merge=on
quartus_fit --read_settings_files=off --write_settings_files=off ACDC -c ACDC-1v1 --plan
quartus_fit --read_settings_files=off --write_settings_files=off ACDC -c ACDC-1v1
quartus_asm --read_settings_files=off --write_settings_files=off ACDC -c ACDC-1v1
quartus_sta ACDC -c ACDC-1v1
quartus_eda --read_settings_files=off --write_settings_files=off ACDC -c ACDC-1v1
quartus_map --read_settings_files=on --write_settings_files=off ACDC -c ACDC-1v1
quartus_cdb --read_settings_files=off --write_settings_files=off ACDC -c ACDC-1v1 --merge=on
quartus_fit --read_settings_files=off --write_settings_files=off ACDC -c ACDC-1v1 --plan
quartus_fit --read_settings_files=off --write_settings_files=off ACDC -c ACDC-1v1
quartus_asm --read_settings_files=off --write_settings_files=off ACDC -c ACDC-1v1
quartus_sta ACDC -c ACDC-1v1
quartus_eda --read_settings_files=off --write_settings_files=off ACDC -c ACDC-1v1
quartus_map --read_settings_files=on --write_settings_files=off ACDC -c ACDC-1v1
quartus_cdb --read_settings_files=off --write_settings_files=off ACDC -c ACDC-1v1 --merge=on
quartus_fit --read_settings_files=off --write_settings_files=off ACDC -c ACDC-1v1 --plan
quartus_fit --read_settings_files=off --write_settings_files=off ACDC -c ACDC-1v1
quartus_asm --read_settings_files=off --write_settings_files=off ACDC -c ACDC-1v1
quartus_sta ACDC -c ACDC-1v1
quartus_eda --read_settings_files=off --write_settings_files=off ACDC -c ACDC-1v1
quartus_map --read_settings_files=on --write_settings_files=off ACDC -c ACDC-1v1
quartus_cdb --read_settings_files=off --write_settings_files=off ACDC -c ACDC-1v1 --merge=on
quartus_fit --read_settings_files=off --write_settings_files=off ACDC -c ACDC-1v1 --plan
quartus_fit --read_settings_files=off --write_settings_files=off ACDC -c ACDC-1v1
quartus_asm --read_settings_files=off --write_settings_files=off ACDC -c ACDC-1v1
quartus_sta ACDC -c ACDC-1v1
quartus_eda --read_settings_files=off --write_settings_files=off ACDC -c ACDC-1v1
quartus_map --read_settings_files=on --write_settings_files=off ACDC -c ACDC-1v1
quartus_map --read_settings_files=on --write_settings_files=off ACDC -c ACDC-1v1
quartus_map --read_settings_files=on --write_settings_files=off ACDC -c ACDC-1v1
quartus_map --read_settings_files=on --write_settings_files=off ACDC -c ACDC-1v1
quartus_map --read_settings_files=on --write_settings_files=off ACDC -c ACDC-1v1
quartus_cdb --read_settings_files=off --write_settings_files=off ACDC -c ACDC-1v1 --merge=on
quartus_fit --read_settings_files=off --write_settings_files=off ACDC -c ACDC-1v1 --plan
quartus_fit --read_settings_files=off --write_settings_files=off ACDC -c ACDC-1v1
quartus_asm --read_settings_files=off --write_settings_files=off ACDC -c ACDC-1v1
quartus_sta ACDC -c ACDC-1v1
quartus_eda --read_settings_files=off --write_settings_files=off ACDC -c ACDC-1v1
quartus_map --read_settings_files=on --write_settings_files=off ACDC -c ACDC-1v1
quartus_map --read_settings_files=on --write_settings_files=off ACDC -c ACDC-1v1
quartus_map --read_settings_files=on --write_settings_files=off ACDC -c ACDC-1v1
quartus_cdb --read_settings_files=off --write_settings_files=off ACDC -c ACDC-1v1 --merge=on
quartus_fit --read_settings_files=off --write_settings_files=off ACDC -c ACDC-1v1 --plan
quartus_fit --read_settings_files=off --write_settings_files=off ACDC -c ACDC-1v1
quartus_asm --read_settings_files=off --write_settings_files=off ACDC -c ACDC-1v1
quartus_sta ACDC -c ACDC-1v1
quartus_eda --read_settings_files=off --write_settings_files=off ACDC -c ACDC-1v1
quartus_map --read_settings_files=on --write_settings_files=off ACDC -c ACDC-1v1
quartus_cdb --read_settings_files=off --write_settings_files=off ACDC -c ACDC-1v1 --merge=on
quartus_fit --read_settings_files=off --write_settings_files=off ACDC -c ACDC-1v1 --plan
quartus_fit --read_settings_files=off --write_settings_files=off ACDC -c ACDC-1v1
quartus_asm --read_settings_files=off --write_settings_files=off ACDC -c ACDC-1v1
quartus_sta ACDC -c ACDC-1v1
quartus_eda --read_settings_files=off --write_settings_files=off ACDC -c ACDC-1v1
quartus_map --read_settings_files=on --write_settings_files=off ACDC -c ACDC-1v1
quartus_map --read_settings_files=on --write_settings_files=off ACDC -c ACDC-1v1
quartus_cdb --read_settings_files=off --write_settings_files=off ACDC -c ACDC-1v1 --merge=on
quartus_fit --read_settings_files=off --write_settings_files=off ACDC -c ACDC-1v1 --plan
quartus_fit --read_settings_files=off --write_settings_files=off ACDC -c ACDC-1v1
quartus_asm --read_settings_files=off --write_settings_files=off ACDC -c ACDC-1v1
quartus_sta ACDC -c ACDC-1v1
quartus_eda --read_settings_files=off --write_settings_files=off ACDC -c ACDC-1v1
quartus_map --read_settings_files=on --write_settings_files=off ACDC -c ACDC-1v1
quartus_cdb --read_settings_files=off --write_settings_files=off ACDC -c ACDC-1v1 --merge=on
quartus_fit --read_settings_files=off --write_settings_files=off ACDC -c ACDC-1v1 --plan
quartus_fit --read_settings_files=off --write_settings_files=off ACDC -c ACDC-1v1
quartus_asm --read_settings_files=off --write_settings_files=off ACDC -c ACDC-1v1
quartus_sta ACDC -c ACDC-1v1
quartus_eda --read_settings_files=off --write_settings_files=off ACDC -c ACDC-1v1
quartus_map --read_settings_files=on --write_settings_files=off ACDC -c ACDC-1v1
quartus_cdb --read_settings_files=off --write_settings_files=off ACDC -c ACDC-1v1 --merge=on
quartus_fit --read_settings_files=off --write_settings_files=off ACDC -c ACDC-1v1 --plan
quartus_fit --read_settings_files=off --write_settings_files=off ACDC -c ACDC-1v1
quartus_asm --read_settings_files=off --write_settings_files=off ACDC -c ACDC-1v1
quartus_sta ACDC -c ACDC-1v1
quartus_eda --read_settings_files=off --write_settings_files=off ACDC -c ACDC-1v1



